<?xml version="1.0" encoding="UTF-8"?>
<testsuite xmlns:xsi="http://www.w3.org/2001/XMLSchema-instance" xsi:noNamespaceSchemaLocation="https://maven.apache.org/surefire/maven-surefire-plugin/xsd/surefire-test-report.xsd" version="3.0.2" name="com.motorhubbackend.motorhub.MotorhubApplicationTests" time="3.206" tests="1" errors="0" skipped="0" failures="0">
  <properties>
[...]
</properties>
  <testcase name="contextLoads" classname="com.motorhubbackend.motorhub.MotorhubApplicationTests" time="0.904">
    <system-out><![CDATA[18:20:32.168 [main] INFO org.springframework.test.context.support.AnnotationConfigContextLoaderUtils -- Could not detect default configuration classes for test class [com.motorhubbackend.motorhub.MotorhubApplicationTests]: MotorhubApplicationTests does not declare any static, non-private, non-final, nested classes annotated with @Configuration.
18:20:32.296 [main] INFO org.springframework.boot.test.context.SpringBootTestContextBootstrapper -- Found @SpringBootConfiguration com.motorhubbackend.motorhub.MotorhubApplication for test class com.motorhubbackend.motorhub.MotorhubApplicationTests
18:20:32.551 [main] INFO org.springframework.boot.devtools.restart.RestartApplicationListener -- Restart disabled due to context in which it is running

  .   ____          _            __ _ _
 /\\ / ___'_ __ _ _(_)_ __  __ _ \ \ \ \
( ( )\___ | '_ | '_| | '_ \/ _` | \ \ \ \
 \\/  ___)| |_)| | | | | || (_| |  ) ) ) )
  '  |____| .__|_| |_|_| |_\__, | / / / /
 =========|_|==============|___/=/_/_/_/

 :: Spring Boot ::                (v3.4.0)

2024-12-06T18:20:32.806-05:00  INFO 57150 --- [motorhub] [           main] c.m.motorhub.MotorhubApplicationTests    : Starting MotorhubApplicationTests using Java 17.0.13 with PID 57150 (started by angel in /home/angel/MotorHub/backend/motorhub)
2024-12-06T18:20:32.807-05:00  INFO 57150 --- [motorhub] [           main] c.m.motorhub.MotorhubApplicationTests    : No active profile set, falling back to 1 default profile: "default"
2024-12-06T18:20:34.159-05:00  INFO 57150 --- [motorhub] [           main] c.m.motorhub.MotorhubApplicationTests    : Started MotorhubApplicationTests in 1.618 seconds (process running for 3.046)
]]></system-out>
  </testcase>
</testsuite>